2026-04-03 15:27:25,103 - binance_bot - INFO - Received order request: BTCUSDT BUY MARKET qty=0.001 price=None
2026-04-03 15:30:15,505 - binance_bot - INFO - Received order request: BTCUSDT BUY MARKET qty=0.001 price=None
2026-04-03 15:30:15,720 - binance_bot - INFO - Sending API request to Futures testnet with params: {'symbol': 'BTCUSDT', 'side': 'BUY', 'type': 'MARKET', 'quantity': 0.001}
2026-04-03 15:31:40,189 - binance_bot - INFO - Received order request: BTCUSDT BUY MARKET qty=0.01 price=None
2026-04-03 15:31:40,672 - binance_bot - INFO - Sending API request to Futures testnet with params: {'symbol': 'BTCUSDT', 'side': 'BUY', 'type': 'MARKET', 'quantity': 0.01}
2026-04-03 15:31:40,928 - binance_bot - INFO - Successful order response: {'orderId': 13020091469, 'symbol': 'BTCUSDT', 'status': 'NEW', 'clientOrderId': 'rKJT2h0CuLkxfLodIfGNed', 'price': '0.00', 'avgPrice': '0.00', 'origQty': '0.0100', 'executedQty': '0.0000', 'cumQty': '0.0000', 'cumQuote': '0.000000', 'timeInForce': 'GTC', 'type': 'MARKET', 'reduceOnly': False, 'closePosition': False, 'side': 'BUY', 'positionSide': 'BOTH', 'stopPrice': '0.00', 'workingType': 'CONTRACT_PRICE', 'priceProtect': False, 'origType': 'MARKET', 'priceMatch': 'NONE', 'selfTradePreventionMode': 'EXPIRE_MAKER', 'goodTillDate': 0, 'updateTime': 1775210502807}
2026-04-03 15:32:01,998 - binance_bot - INFO - Running prediction analysis for BTCUSDT...
2026-04-03 15:32:09,076 - binance_bot - INFO - Received order request: BTCUSDT SELL LIMIT qty=0.01 price=95000.0
2026-04-03 15:32:09,495 - binance_bot - INFO - Sending API request to Futures testnet with params: {'symbol': 'BTCUSDT', 'side': 'SELL', 'type': 'LIMIT', 'quantity': 0.01, 'timeInForce': 'GTC', 'price': 95000.0}
2026-04-03 15:32:09,716 - binance_bot - INFO - Successful order response: {'orderId': 13020091714, 'symbol': 'BTCUSDT', 'status': 'NEW', 'clientOrderId': 'TzlgZxns6m9Nvl8qbfCVTJ', 'price': '95000.00', 'avgPrice': '0.00', 'origQty': '0.0100', 'executedQty': '0.0000', 'cumQty': '0.0000', 'cumQuote': '0.000000', 'timeInForce': 'GTC', 'type': 'LIMIT', 'reduceOnly': False, 'closePosition': False, 'side': 'SELL', 'positionSide': 'BOTH', 'stopPrice': '0.00', 'workingType': 'CONTRACT_PRICE', 'priceProtect': False, 'origType': 'LIMIT', 'priceMatch': 'NONE', 'selfTradePreventionMode': 'EXPIRE_MAKER', 'goodTillDate': 0, 'updateTime': 1775210531588}
2026-04-03 15:32:14,167 - binance_bot - INFO - Received order request: BTCUSDT SELL LIMIT qty=0.01 price=95000.0
2026-04-03 15:32:14,381 - binance_bot - INFO - Sending API request to Futures testnet with params: {'symbol': 'BTCUSDT', 'side': 'SELL', 'type': 'LIMIT', 'quantity': 0.01, 'timeInForce': 'GTC', 'price': 95000.0}
2026-04-03 15:32:14,589 - binance_bot - INFO - Successful order response: {'orderId': 13020091760, 'symbol': 'BTCUSDT', 'status': 'NEW', 'clientOrderId': 'KU47UF6t9tLJtsY1Z1EC0p', 'price': '95000.00', 'avgPrice': '0.00', 'origQty': '0.0100', 'executedQty': '0.0000', 'cumQty': '0.0000', 'cumQuote': '0.000000', 'timeInForce': 'GTC', 'type': 'LIMIT', 'reduceOnly': False, 'closePosition': False, 'side': 'SELL', 'positionSide': 'BOTH', 'stopPrice': '0.00', 'workingType': 'CONTRACT_PRICE', 'priceProtect': False, 'origType': 'LIMIT', 'priceMatch': 'NONE', 'selfTradePreventionMode': 'EXPIRE_MAKER', 'goodTillDate': 0, 'updateTime': 1775210536507}
2026-04-03 15:33:34,068 - binance_bot - INFO - Received order request: BTCUSDT BUY MARKET qty=0.001 price=None
2026-04-03 15:33:34,269 - binance_bot - INFO - Sending API request to Futures testnet with params: {'symbol': 'BTCUSDT', 'side': 'BUY', 'type': 'MARKET', 'quantity': 0.001}
2026-04-03 15:35:04,955 - binance_bot - INFO - Received order request: BTCUSDT BUY MARKET qty=0.002 price=None
2026-04-03 15:35:05,414 - binance_bot - INFO - Sending API request to Futures testnet with params: {'symbol': 'BTCUSDT', 'side': 'BUY', 'type': 'MARKET', 'quantity': 0.002}
2026-04-03 15:35:05,723 - binance_bot - INFO - Successful order response: {'orderId': 13020093408, 'symbol': 'BTCUSDT', 'status': 'NEW', 'clientOrderId': 'G9N3hTEfalBuXydGAVNJYA', 'price': '0.00', 'avgPrice': '0.00', 'origQty': '0.0020', 'executedQty': '0.0000', 'cumQty': '0.0000', 'cumQuote': '0.000000', 'timeInForce': 'GTC', 'type': 'MARKET', 'reduceOnly': False, 'closePosition': False, 'side': 'BUY', 'positionSide': 'BOTH', 'stopPrice': '0.00', 'workingType': 'CONTRACT_PRICE', 'priceProtect': False, 'origType': 'MARKET', 'priceMatch': 'NONE', 'selfTradePreventionMode': 'EXPIRE_MAKER', 'goodTillDate': 0, 'updateTime': 1775210707619}
2026-04-03 15:57:10,554 - binance_bot - INFO - Received order request: BTCUSDT SELL LIMIT qty=0.01 price=95000.0
2026-04-03 15:57:11,049 - binance_bot - INFO - Sending API request to Futures testnet with params: {'symbol': 'BTCUSDT', 'side': 'SELL', 'type': 'LIMIT', 'quantity': 0.01, 'timeInForce': 'GTC', 'price': 95000.0}
2026-04-03 15:57:11,452 - binance_bot - INFO - Successful order response: {'orderId': 13020105005, 'symbol': 'BTCUSDT', 'status': 'NEW', 'clientOrderId': 'X3FbqWViQvpc8TWjiyBA9w', 'price': '95000.00', 'avgPrice': '0.00', 'origQty': '0.0100', 'executedQty': '0.0000', 'cumQty': '0.0000', 'cumQuote': '0.000000', 'timeInForce': 'GTC', 'type': 'LIMIT', 'reduceOnly': False, 'closePosition': False, 'side': 'SELL', 'positionSide': 'BOTH', 'stopPrice': '0.00', 'workingType': 'CONTRACT_PRICE', 'priceProtect': False, 'origType': 'LIMIT', 'priceMatch': 'NONE', 'selfTradePreventionMode': 'EXPIRE_MAKER', 'goodTillDate': 0, 'updateTime': 1775212033351}
2026-04-03 16:01:19,520 - binance_bot - INFO - Received order request: BTCUSDT BUY MARKET qty=0.002 price=None
2026-04-03 16:01:19,798 - binance_bot - INFO - Sending API request to Futures testnet with params: {'symbol': 'BTCUSDT', 'side': 'BUY', 'type': 'MARKET', 'quantity': 0.002}
2026-04-03 16:01:20,094 - binance_bot - INFO - Successful order response: {'orderId': 13020107834, 'symbol': 'BTCUSDT', 'status': 'NEW', 'clientOrderId': 'ENXc8YzGu085GUNrJXJzl1', 'price': '0.00', 'avgPrice': '0.00', 'origQty': '0.0020', 'executedQty': '0.0000', 'cumQty': '0.0000', 'cumQuote': '0.000000', 'timeInForce': 'GTC', 'type': 'MARKET', 'reduceOnly': False, 'closePosition': False, 'side': 'BUY', 'positionSide': 'BOTH', 'stopPrice': '0.00', 'workingType': 'CONTRACT_PRICE', 'priceProtect': False, 'origType': 'MARKET', 'priceMatch': 'NONE', 'selfTradePreventionMode': 'EXPIRE_MAKER', 'goodTillDate': 0, 'updateTime': 1775212282015}
